> Task :compileJava
> Task :processResources NO-SOURCE
> Task :classes

> Task :compileTestJava
Note: /Users/sriteja/repos/gradle-junit5/src/test/java/org/example/BrowserStackJunitTest.java uses or overrides a deprecated API.
Note: Recompile with -Xlint:deprecation for details.

> Task :processTestResources NO-SOURCE
> Task :testClasses
> Task :test

FirstTest > test() FAILED
    java.lang.Exception at FirstTest.java:41

3 tests completed, 1 failed, 1 skipped

> Task :test FAILED

FAILURE: Build failed with an exception.

* What went wrong:
Execution failed for task ':test'.
> There were failing tests. See the report at: file:///Users/sriteja/repos/gradle-junit5/bstack_build_1/reports/tests/test/index.html

* Try:
> Run with --scan to get full insights.

Deprecated Gradle features were used in this build, making it incompatible with Gradle 9.0.

You can use '--warning-mode all' to show the individual deprecation warnings and determine if they come from your own scripts or plugins.

For more on this, please refer to https://docs.gradle.org/8.4/userguide/command_line_interface.html#sec:command_line_warnings in the Gradle documentation.

BUILD FAILED in 1m 2s
3 actionable tasks: 3 executed
